Case #1: 1 2 3
Case #2: 3 1 2 4 5 7 6 8 10 12 13 19 11 14 20 16 15 18 9 17
Case #3: IMPOSSIBLE
Case #4: 3 2 1 12 11 10 9 8 7 6 5 4 15 14 13 19 17 16 18 20
Case #5: 1 2 7 8 9 10 11 12 13 14 15 16 3 17 4 18 5 19 6
Case #6: 1 2 3 4 5
Case #7: IMPOSSIBLE
Case #8: 2 1
Case #9: IMPOSSIBLE
Case #10: 1 2 3 6 4 5 7 8 9 10
Case #11: IMPOSSIBLE
Case #12: 3 4 5 2 6 7 8 11 9 12 13 10 14 15 1 16 18 19 20 17
Case #13: 2 1 4 3
Case #14: 3 1 4 5 6 7 8 2 10 9
Case #15: 3 5 1 2 4
Case #16: IMPOSSIBLE
Case #17: IMPOSSIBLE
Case #18: 1
Case #19: IMPOSSIBLE
Case #20: 1 2 4 3 6 7 8 9 5
Case #21: 1 6 8 14 2 7 12 16 5 9 4 10 15 13 3 18 19 17 20 11
Case #22: IMPOSSIBLE
Case #23: 2 3 4 5 6 1 8 9 11 7 13 12 14 10 15
Case #24: 1
Case #25: IMPOSSIBLE
