Case #1: IMPOSSIBLE
Case #2: IMPOSSIBLE
Case #3: 1 2 3 4 5 6 7 9 8
Case #4: 19 13 12 11 10 9 8 7 6 5 4 3 2 1 15 14 18 17 16 20
Case #5: 1 2 3 4 5 6 7 8 9 10 11 12 13 14 15
Case #6: IMPOSSIBLE
Case #7: IMPOSSIBLE
Case #8: 1 2 3 4 5 6 7 8 9 10
Case #9: 10 1 2 3 6 4 5 9 17 20 8 7 11 16 12 13 14 19 15 18
Case #10: 1 3 2 4 5 9 10 6 13 7 8 11 14 12 15 16 17 18 19 20
Case #11: 2 1
Case #12: 1
Case #13: 1
Case #14: IMPOSSIBLE
Case #15: IMPOSSIBLE
Case #16: 2 1 4 3
Case #17: 1 2 7 8 9 10 11 12 13 14 15 16 3 17 4 18 5 19 6
Case #18: 2 4 12 6 13 14 5 15 8 9 16 17 7 1 3 18 11 10 19 20
Case #19: 1 2 3
Case #20: 2 1 3 5 6 7 4 10 8 9 11 12 14 15 13
Case #21: 1 2 3 4 5 6 7 8 9 10 11 12 13 14 15 16 17 18 19 20
Case #22: 2 3 5 6 4 9 8 11 12 13 14 1 15 7 16 17 10 18 19 20
Case #23: 3 1 4 2 5 6 7 8 9 10
Case #24: 1 2 3 5 4
Case #25: 1 2 3 4 5
